This is pdfTeX, Version 3.14159265-2.6-1.40.19 (MiKTeX 2.9.6930 64-bit) (preloaded format=pdflatex 2019.3.22)  22 MAR 2019 21:33
entering extended mode
**./INFORME_LAB_II.tex
(INFORME_LAB_II.tex
LaTeX2e <2018-12-01>
("C:\Users\Juan\AppData\Local\Programs\MiKTeX 2.9\tex/latex/base\article.cls"
Document Class: article 2018/09/03 v1.4i Standard LaTeX document class
("C:\Users\Juan\AppData\Local\Programs\MiKTeX 2.9\tex/latex/base\size12.clo"
File: size12.clo 2018/09/03 v1.4i Standard LaTeX file (size option)
)
\c@part=\count80
\c@section=\count81
\c@subsection=\count82
\c@subsubsection=\count83
\c@paragraph=\count84
\c@subparagraph=\count85
\c@figure=\count86
\c@table=\count87
\abovecaptionskip=\skip41
\belowcaptionskip=\skip42
\bibindent=\dimen102
)
("C:\Users\Juan\AppData\Local\Programs\MiKTeX 2.9\tex/latex/base\inputenc.sty"
Package: inputenc 2018/08/11 v1.3c Input encoding file
\inpenc@prehook=\toks14
\inpenc@posthook=\toks15
) ("C:\Users\Juan\AppData\Local\Programs\MiKTeX 2.9\tex/generic/babel\babel.sty
"
Package: babel 2018/11/13 3.27 The Babel package
("C:\Users\Juan\AppData\Local\Programs\MiKTeX 2.9\tex/generic/babel\switch.def"
File: switch.def 2018/11/13 3.27 Babel switching mechanism
)
*************************************
* Local config file bblopts.cfg used
*
("C:\Users\Juan\AppData\Local\Programs\MiKTeX 2.9\tex/latex/arabi\bblopts.cfg"
File: bblopts.cfg 2005/09/08 v0.1 add Arabic and Farsi to "declared" options of
 babel
)
("C:\Users\Juan\AppData\Local\Programs\MiKTeX 2.9\tex/latex/babel-spanish\spani
sh.ldf"
Language: spanish.ldf 2016/03/03 v5.0p Spanish support from the babel system

("C:\Users\Juan\AppData\Local\Programs\MiKTeX 2.9\tex/generic/babel\babel.def"
File: babel.def 2018/11/13 3.27 Babel common definitions
\babel@savecnt=\count88
\U@D=\dimen103

("C:\Users\Juan\AppData\Local\Programs\MiKTeX 2.9\tex/generic/babel\txtbabel.de
f")
\bbl@dirlevel=\count89
)
\es@quottoks=\toks16
\es@quotdepth=\count90
Package babel Info: Making " an active character on input line 561.
Package babel Info: Making . an active character on input line 662.
Package babel Info: Making < an active character on input line 707.
Package babel Info: Making > an active character on input line 707.
))
("C:\Users\Juan\AppData\Local\Programs\MiKTeX 2.9\tex/latex/graphics\graphicx.s
ty"
Package: graphicx 2017/06/01 v1.1a Enhanced LaTeX Graphics (DPC,SPQR)

("C:\Users\Juan\AppData\Local\Programs\MiKTeX 2.9\tex/latex/graphics\keyval.sty
"
Package: keyval 2014/10/28 v1.15 key=value parser (DPC)
\KV@toks@=\toks17
)
("C:\Users\Juan\AppData\Local\Programs\MiKTeX 2.9\tex/latex/graphics\graphics.s
ty"
Package: graphics 2017/06/25 v1.2c Standard LaTeX Graphics (DPC,SPQR)

("C:\Users\Juan\AppData\Local\Programs\MiKTeX 2.9\tex/latex/graphics\trig.sty"
Package: trig 2016/01/03 v1.10 sin cos tan (DPC)
)
("C:\Users\Juan\AppData\Local\Programs\MiKTeX 2.9\tex/latex/graphics-cfg\graphi
cs.cfg"
File: graphics.cfg 2016/06/04 v1.11 sample graphics configuration
)
Package graphics Info: Driver file: pdftex.def on input line 99.

("C:\Users\Juan\AppData\Local\Programs\MiKTeX 2.9\tex/latex/graphics-def\pdftex
.def"
File: pdftex.def 2018/01/08 v1.0l Graphics/color driver for pdftex
))
\Gin@req@height=\dimen104
\Gin@req@width=\dimen105
)
("C:\Users\Juan\AppData\Local\Programs\MiKTeX 2.9\tex/latex/geometry\geometry.s
ty"
Package: geometry 2018/04/16 v5.8 Page Geometry

("C:\Users\Juan\AppData\Local\Programs\MiKTeX 2.9\tex/generic/oberdiek\ifpdf.st
y"
Package: ifpdf 2018/09/07 v3.3 Provides the ifpdf switch
)
("C:\Users\Juan\AppData\Local\Programs\MiKTeX 2.9\tex/generic/oberdiek\ifvtex.s
ty"
Package: ifvtex 2016/05/16 v1.6 Detect VTeX and its facilities (HO)
Package ifvtex Info: VTeX not detected.
)
("C:\Users\Juan\AppData\Local\Programs\MiKTeX 2.9\tex/generic/ifxetex\ifxetex.s
ty"
Package: ifxetex 2010/09/12 v0.6 Provides ifxetex conditional
)
\Gm@cnth=\count91
\Gm@cntv=\count92
\c@Gm@tempcnt=\count93
\Gm@bindingoffset=\dimen106
\Gm@wd@mp=\dimen107
\Gm@odd@mp=\dimen108
\Gm@even@mp=\dimen109
\Gm@layoutwidth=\dimen110
\Gm@layoutheight=\dimen111
\Gm@layouthoffset=\dimen112
\Gm@layoutvoffset=\dimen113
\Gm@dimlist=\toks18

("C:\Users\Juan\AppData\Local\Programs\MiKTeX 2.9\tex/latex/geometry\geometry.c
fg"))
("C:\Users\Juan\AppData\Local\Programs\MiKTeX 2.9\tex/latex/float\float.sty"
Package: float 2001/11/08 v1.3d Float enhancements (AL)
\c@float@type=\count94
\float@exts=\toks19
\float@box=\box27
\@float@everytoks=\toks20
\@floatcapt=\box28
)
("C:\Users\Juan\AppData\Local\Programs\MiKTeX 2.9\tex/latex/amsmath\amsmath.sty
"
Package: amsmath 2018/12/01 v2.17b AMS math features
\@mathmargin=\skip43

For additional information on amsmath, use the `?' option.
("C:\Users\Juan\AppData\Local\Programs\MiKTeX 2.9\tex/latex/amsmath\amstext.sty
"
Package: amstext 2000/06/29 v2.01 AMS text
 ("C:\Users\Juan\AppData\Local\Programs\MiKTeX 2.9\tex/latex/amsmath\amsgen.sty
"
File: amsgen.sty 1999/11/30 v2.0 generic functions
\@emptytoks=\toks21
\ex@=\dimen114
))
("C:\Users\Juan\AppData\Local\Programs\MiKTeX 2.9\tex/latex/amsmath\amsbsy.sty"
Package: amsbsy 1999/11/29 v1.2d Bold Symbols
\pmbraise@=\dimen115
) ("C:\Users\Juan\AppData\Local\Programs\MiKTeX 2.9\tex/latex/amsmath\amsopn.st
y"
Package: amsopn 2016/03/08 v2.02 operator names
)
\inf@bad=\count95
LaTeX Info: Redefining \frac on input line 223.
\uproot@=\count96
\leftroot@=\count97
LaTeX Info: Redefining \overline on input line 385.
\classnum@=\count98
\DOTSCASE@=\count99
LaTeX Info: Redefining \ldots on input line 482.
LaTeX Info: Redefining \dots on input line 485.
LaTeX Info: Redefining \cdots on input line 606.
\Mathstrutbox@=\box29
\strutbox@=\box30
\big@size=\dimen116
LaTeX Font Info:    Redeclaring font encoding OML on input line 729.
LaTeX Font Info:    Redeclaring font encoding OMS on input line 730.
\macc@depth=\count100
\c@MaxMatrixCols=\count101
\dotsspace@=\muskip10
\c@parentequation=\count102
\dspbrk@lvl=\count103
\tag@help=\toks22
\row@=\count104
\column@=\count105
\maxfields@=\count106
\andhelp@=\toks23
\eqnshift@=\dimen117
\alignsep@=\dimen118
\tagshift@=\dimen119
\tagwidth@=\dimen120
\totwidth@=\dimen121
\lineht@=\dimen122
\@envbody=\toks24
\multlinegap=\skip44
\multlinetaggap=\skip45
\mathdisplay@stack=\toks25
LaTeX Info: Redefining \[ on input line 2844.
LaTeX Info: Redefining \] on input line 2845.
)
("C:\Users\Juan\AppData\Local\Programs\MiKTeX 2.9\tex/latex/oberdiek\stackrel.s
ty"
Package: stackrel 2016/05/16 v1.3 Adding subscript option to stackrel (HO)

("C:\Users\Juan\AppData\Local\Programs\MiKTeX 2.9\tex/generic/oberdiek\etexcmds
.sty"
Package: etexcmds 2016/05/16 v1.6 Avoid name clashes with e-TeX commands (HO)

("C:\Users\Juan\AppData\Local\Programs\MiKTeX 2.9\tex/generic/oberdiek\infwarer
r.sty"
Package: infwarerr 2016/05/16 v1.4 Providing info/warning/error messages (HO)
)
("C:\Users\Juan\AppData\Local\Programs\MiKTeX 2.9\tex/generic/oberdiek\ifluatex
.sty"
Package: ifluatex 2016/05/16 v1.4 Provides the ifluatex switch (HO)
Package ifluatex Info: LuaTeX not detected.
))
("C:\Users\Juan\AppData\Local\Programs\MiKTeX 2.9\tex/generic/oberdiek\pdftexcm
ds.sty"
Package: pdftexcmds 2018/09/10 v0.29 Utility functions of pdfTeX for LuaTeX (HO
)

("C:\Users\Juan\AppData\Local\Programs\MiKTeX 2.9\tex/generic/oberdiek\ltxcmds.
sty"
Package: ltxcmds 2016/05/16 v1.23 LaTeX kernel commands for general use (HO)
)
Package pdftexcmds Info: LuaTeX not detected.
Package pdftexcmds Info: \pdf@primitive is available.
Package pdftexcmds Info: \pdf@ifprimitive is available.
Package pdftexcmds Info: \pdfdraftmode found.
))
("C:\Users\Juan\AppData\Local\Programs\MiKTeX 2.9\tex/latex/multirow\multirow.s
ty"
Package: multirow 2019/01/01 v2.4 Span multiple rows of a table
\multirow@colwidth=\skip46
\multirow@cntb=\count107
\multirow@dima=\skip47
\bigstrutjot=\dimen123
)
("C:\Users\Juan\AppData\Local\Programs\MiKTeX 2.9\tex/latex/tools\enumerate.sty
"
Package: enumerate 2015/07/23 v3.00 enumerate extensions (DPC)
\@enLab=\toks26
)
No file INFORME_LAB_II.aux.
\openout1 = `INFORME_LAB_II.aux'.

LaTeX Font Info:    Checking defaults for OML/cmm/m/it on input line 18.
LaTeX Font Info:    ... okay on input line 18.
LaTeX Font Info:    Checking defaults for T1/cmr/m/n on input line 18.
LaTeX Font Info:    ... okay on input line 18.
LaTeX Font Info:    Checking defaults for OT1/cmr/m/n on input line 18.
LaTeX Font Info:    ... okay on input line 18.
LaTeX Font Info:    Checking defaults for OMS/cmsy/m/n on input line 18.
LaTeX Font Info:    ... okay on input line 18.
LaTeX Font Info:    Checking defaults for OMX/cmex/m/n on input line 18.
LaTeX Font Info:    ... okay on input line 18.
LaTeX Font Info:    Checking defaults for U/cmr/m/n on input line 18.
LaTeX Font Info:    ... okay on input line 18.
LaTeX Info: Redefining \. on input line 18.
LaTeX Info: Redefining \% on input line 18.

("C:\Users\Juan\AppData\Local\Programs\MiKTeX 2.9\tex/context/base/mkii\supp-pd
f.mkii"
[Loading MPS to PDF converter (version 2006.09.02).]
\scratchcounter=\count108
\scratchdimen=\dimen124
\scratchbox=\box31
\nofMPsegments=\count109
\nofMParguments=\count110
\everyMPshowfont=\toks27
\MPscratchCnt=\count111
\MPscratchDim=\dimen125
\MPnumerator=\count112
\makeMPintoPDFobject=\count113
\everyMPtoPDFconversion=\toks28
)
("C:\Users\Juan\AppData\Local\Programs\MiKTeX 2.9\tex/latex/oberdiek\epstopdf-b
ase.sty"
Package: epstopdf-base 2016/05/15 v2.6 Base part for package epstopdf

("C:\Users\Juan\AppData\Local\Programs\MiKTeX 2.9\tex/latex/oberdiek\grfext.sty
"
Package: grfext 2016/05/16 v1.2 Manage graphics extensions (HO)

("C:\Users\Juan\AppData\Local\Programs\MiKTeX 2.9\tex/generic/oberdiek\kvdefine
keys.sty"
Package: kvdefinekeys 2016/05/16 v1.4 Define keys (HO)
))
("C:\Users\Juan\AppData\Local\Programs\MiKTeX 2.9\tex/latex/oberdiek\kvoptions.
sty"
Package: kvoptions 2016/05/16 v3.12 Key value format for package options (HO)

("C:\Users\Juan\AppData\Local\Programs\MiKTeX 2.9\tex/generic/oberdiek\kvsetkey
s.sty"
Package: kvsetkeys 2016/05/16 v1.17 Key value parser (HO)
))
Package epstopdf-base Info: Redefining graphics rule for `.eps' on input line 4
38.
Package grfext Info: Graphics extension search list:
(grfext)             [.pdf,.png,.jpg,.mps,.jpeg,.jbig2,.jb2,.PDF,.PNG,.JPG,.JPE
G,.JBIG2,.JB2,.eps]
(grfext)             \AppendGraphicsExtensions on input line 456.
)
*geometry* driver: auto-detecting
*geometry* detected driver: pdftex
*geometry* verbose mode - [ preamble ] result:
* driver: pdftex
* paper: letterpaper
* layout: <same size as paper>
* layoutoffset:(h,v)=(0.0pt,0.0pt)
* modes: 
* h-part:(L,W,R)=(56.9055pt, 500.484pt, 56.9055pt)
* v-part:(T,H,B)=(56.9055pt, 681.15898pt, 56.9055pt)
* \paperwidth=614.295pt
* \paperheight=794.96999pt
* \textwidth=500.484pt
* \textheight=681.15898pt
* \oddsidemargin=-15.36449pt
* \evensidemargin=-15.36449pt
* \topmargin=-52.36449pt
* \headheight=12.0pt
* \headsep=25.0pt
* \topskip=12.0pt
* \footskip=30.0pt
* \marginparwidth=44.0pt
* \marginparsep=10.0pt
* \columnsep=10.0pt
* \skip\footins=10.8pt plus 4.0pt minus 2.0pt
* \hoffset=0.0pt
* \voffset=0.0pt
* \mag=1000
* \@twocolumnfalse
* \@twosidefalse
* \@mparswitchfalse
* \@reversemarginfalse
* (1in=72.27pt=25.4mm, 1cm=28.453pt)

<./Imagenes/logo.jpg, id=1, 276.03125pt x 183.68625pt>
File: ./Imagenes/logo.jpg Graphic file (type jpg)
<use ./Imagenes/logo.jpg>
Package pdftex.def Info: ./Imagenes/logo.jpg  used on input line 38.
(pdftex.def)             Requested size: 227.62204pt x 151.47853pt.
[1

{C:/Users/Juan/AppData/Local/MiKTeX/2.9/pdftex/config/pdftex.map} <./Imagenes/l
ogo.jpg>]
No file INFORME_LAB_II.toc.
\tf@toc=\write3
\openout3 = `INFORME_LAB_II.toc'.

[1]
\openout2 = `Secciones/ACTIVIDAD01.aux'.

 (Secciones/ACTIVIDAD01.tex) [1

]
\openout2 = `Secciones/ACTIVIDAD02.aux'.

 (Secciones/ACTIVIDAD02.tex) [2


]
\openout2 = `Secciones/ACTIVIDAD03.aux'.


(Secciones/ACTIVIDAD03.tex
Underfull \hbox (badness 10000) in paragraph at lines 4--10

 []

<./Imagenes/BA.png, id=17, 762.85pt x 357.83687pt>
File: ./Imagenes/BA.png Graphic file (type png)
<use ./Imagenes/BA.png>
Package pdftex.def Info: ./Imagenes/BA.png  used on input line 14.
(pdftex.def)             Requested size: 419.5688pt x 196.81088pt.

LaTeX Warning: The counter will not be printed.
             The label is: 2. on input line 17.


Underfull \hbox (badness 10000) in paragraph at lines 18--23

 []


Underfull \hbox (badness 10000) in paragraph at lines 24--30

 []


Underfull \hbox (badness 10000) in paragraph at lines 24--30

 []


Underfull \hbox (badness 10000) in paragraph at lines 24--30

 []


Underfull \hbox (badness 10000) in paragraph at lines 24--30

 []


Underfull \hbox (badness 10000) in paragraph at lines 24--30

 []

[3


 <./Imagenes/BA.png>]
Underfull \hbox (badness 10000) in paragraph at lines 34--40

 []


Underfull \hbox (badness 10000) in paragraph at lines 34--40

 []


Underfull \hbox (badness 10000) in paragraph at lines 34--40

 []


Underfull \hbox (badness 10000) in paragraph at lines 34--40

 []


Underfull \hbox (badness 10000) in paragraph at lines 34--40

 []


Underfull \hbox (badness 10000) in paragraph at lines 34--40

 []

<./Imagenes/1.png, id=23, 344.28625pt x 147.55125pt>
File: ./Imagenes/1.png Graphic file (type png)
<use ./Imagenes/1.png>
Package pdftex.def Info: ./Imagenes/1.png  used on input line 47.
(pdftex.def)             Requested size: 309.85475pt x 132.79488pt.

Underfull \hbox (badness 10000) in paragraph at lines 52--53

 []


Underfull \hbox (badness 10000) in paragraph at lines 54--55

 []

[4 <./Imagenes/1.png>]
Underfull \hbox (badness 10000) in paragraph at lines 56--57

 []


Underfull \hbox (badness 10000) in paragraph at lines 58--59

 []


Underfull \hbox (badness 10000) in paragraph at lines 60--61

 []


LaTeX Warning: The counter will not be printed.
             The label is: 3. on input line 63.


Underfull \hbox (badness 10000) in paragraph at lines 64--98

 []


Underfull \hbox (badness 10000) in paragraph at lines 64--98

 []


Underfull \hbox (badness 10000) in paragraph at lines 64--98

 []


Underfull \hbox (badness 10000) in paragraph at lines 64--98

 []


Underfull \hbox (badness 10000) in paragraph at lines 64--98

 []


Underfull \hbox (badness 10000) in paragraph at lines 64--98

 []


Underfull \hbox (badness 10000) in paragraph at lines 64--98

 []


Underfull \hbox (badness 10000) in paragraph at lines 64--98

 []


Underfull \hbox (badness 10000) in paragraph at lines 64--98

 []


Underfull \hbox (badness 10000) in paragraph at lines 64--98

 []


Underfull \hbox (badness 10000) in paragraph at lines 64--98

 []

[5]
Underfull \hbox (badness 10000) in paragraph at lines 99--109

 []


Underfull \hbox (badness 10000) in paragraph at lines 99--109

 []


Underfull \hbox (badness 10000) in paragraph at lines 99--109

 []

[6]
<./Imagenes/ba2.jpg, id=34, 850.17625pt x 481.8pt>
File: ./Imagenes/ba2.jpg Graphic file (type jpg)
<use ./Imagenes/ba2.jpg>
Package pdftex.def Info: ./Imagenes/ba2.jpg  used on input line 115.
(pdftex.def)             Requested size: 467.59839pt x 264.99081pt.
) [7 <./Imagenes/ba2.jpg>]
\openout2 = `Secciones/ACTIVIDAD04.aux'.

 (Secciones/ACTIVIDAD04.tex
Underfull \hbox (badness 10000) in paragraph at lines 5--25

 []


Underfull \hbox (badness 10000) in paragraph at lines 5--25

 []


Underfull \hbox (badness 10000) in paragraph at lines 5--25

 []


Underfull \hbox (badness 10000) in paragraph at lines 5--25

 []


Underfull \hbox (badness 10000) in paragraph at lines 5--25

 []

<./Imagenes/img1.png, id=38, 486.31688pt x 348.55219pt>
File: ./Imagenes/img1.png Graphic file (type png)
<use ./Imagenes/img1.png>
Package pdftex.def Info: ./Imagenes/img1.png  used on input line 29.
(pdftex.def)             Requested size: 291.79237pt x 209.1329pt.
[8


]
<./Imagenes/img2.png, id=42, 473.51906pt x 331.99031pt>
File: ./Imagenes/img2.png Graphic file (type png)
<use ./Imagenes/img2.png>
Package pdftex.def Info: ./Imagenes/img2.png  used on input line 33.
(pdftex.def)             Requested size: 284.11362pt x 199.19571pt.
<./Imagenes/img3.png, id=43, 487.8225pt x 371.88937pt>
File: ./Imagenes/img3.png Graphic file (type png)
<use ./Imagenes/img3.png>
Package pdftex.def Info: ./Imagenes/img3.png  used on input line 37.
(pdftex.def)             Requested size: 292.69576pt x 223.13533pt.
<./Imagenes/img4.png, id=44, 489.32813pt x 364.36125pt>
File: ./Imagenes/img4.png Graphic file (type png)
<use ./Imagenes/img4.png>
Package pdftex.def Info: ./Imagenes/img4.png  used on input line 41.
(pdftex.def)             Requested size: 293.59914pt x 218.61842pt.
 [9 <./Imagenes/img1.png> <./Imagenes/img2.png> <./Imagenes/img3.png>]

LaTeX Warning: The counter will not be printed.
             The label is: 2. on input line 44.


Underfull \hbox (badness 10000) in paragraph at lines 46--56

 []


Underfull \hbox (badness 10000) in paragraph at lines 46--56

 []


Underfull \hbox (badness 10000) in paragraph at lines 46--56

 []

) [10 <./Imagenes/img4.png>]
\openout2 = `Secciones/ACTIVIDAD05.aux'.

 (Secciones/ACTIVIDAD05.tex

LaTeX Warning: The counter will not be printed.
             The label is: 2. on input line 6.


LaTeX Warning: The counter will not be printed.
             The label is: 3. on input line 10.

) [11


]
\openout2 = `Secciones/ACTIVIDAD06.aux'.

 (Secciones/ACTIVIDAD06.tex

! LaTeX Error: Something's wrong--perhaps a missing \item.

See the LaTeX manual or LaTeX Companion for explanation.
Type  H <return>  for immediate help.
 ...                                              
                                                  
l.6 \textbf
           {[1]} Julio Castro. ¿Qué es la inteligencia de negocios y cómo...

Try typing  <return>  to proceed.
If that doesn't work, type  X <return>  to quit.


LaTeX Warning: Empty `thebibliography' environment on input line 20.


Underfull \hbox (badness 10000) in paragraph at lines 6--20

 []


Underfull \hbox (badness 10000) in paragraph at lines 6--20
\OT1/cmr/bx/n/12 [2] \OT1/cmr/m/n/12 Sa-muel Es-te-ban. Con-se-jos pa-ra ha-cer
 cre-cer tu ne-go-cio. 2015
 []


Underfull \hbox (badness 10000) in paragraph at lines 6--20

 []


Underfull \hbox (badness 1377) in paragraph at lines 6--20
\OT1/cmr/bx/n/12 [3] \OT1/cmr/m/n/12 Da-ta-ba-se Har-de-ning Best Prac-ti-ces. 
https://prezi.com/htejn8bxdiwd/aplicacion-de-
 []


Underfull \hbox (badness 10000) in paragraph at lines 6--20

 []


Underfull \hbox (badness 3780) in paragraph at lines 6--20
\OT1/cmr/bx/n/12 [4] \OT1/cmr/m/n/12 Mi-chel Frank Te-llo Ale-gria. Apli-ca-cio
n de la in-te-li-gen-cia de ne-go-cios. 2018
 []


Underfull \hbox (badness 10000) in paragraph at lines 6--20
\OT1/cmr/m/n/12 https://www.businessintelligence.info/mercado/software-business
-intelligence-visual-e-
 []


Underfull \hbox (badness 10000) in paragraph at lines 6--20

 []


Underfull \hbox (badness 10000) in paragraph at lines 6--20
\OT1/cmr/bx/n/12 [5] \OT1/cmr/m/n/12 Me-di-na. Bu-si-ness In-te-lli-gen-ce. una
 gua practi-ca. 2012
 []


Underfull \hbox (badness 10000) in paragraph at lines 6--20
\OT1/cmr/m/n/12 https://editorial.upc.edu.pe/publicaciones/business-intelligenc
e-una-guia-practica-2da-
 []


Underfull \hbox (badness 10000) in paragraph at lines 6--20

 []


Underfull \hbox (badness 10000) in paragraph at lines 6--20
\OT1/cmr/bx/n/12 [6] \OT1/cmr/m/n/12 Web-mi-ning. Bu-si-ness Analy-tics ver-sus
 Bu-si-ness In-te-lli-gen-ce. 2012
 []


Underfull \hbox (badness 10000) in paragraph at lines 6--20

 []


Underfull \hbox (badness 10000) in paragraph at lines 6--20

 []

) [12


] (INFORME_LAB_II.aux
LaTeX Info: Redefining \. on input line 6.
LaTeX Info: Redefining \% on input line 6.
 (Secciones/ACTIVIDAD01.aux)
(Secciones/ACTIVIDAD02.aux) (Secciones/ACTIVIDAD03.aux)
(Secciones/ACTIVIDAD04.aux) (Secciones/ACTIVIDAD05.aux)
(Secciones/ACTIVIDAD06.aux)) ) 
Here is how much of TeX's memory you used:
 3678 strings out of 492946
 52884 string characters out of 3126710
 143225 words of memory out of 3000000
 7487 multiletter control sequences out of 15000+200000
 5149 words of font info for 19 fonts, out of 3000000 for 9000
 1141 hyphenation exceptions out of 8191
 34i,5n,31p,953b,359s stack positions out of 5000i,500n,10000p,200000b,50000s
<C:/Users/Juan/AppData/Local/Programs/MiKTeX 2.9/
fonts/type1/public/amsfonts/cm/cmbx12.pfb><C:/Users/Juan/AppData/Local/Programs
/MiKTeX 2.9/fonts/type1/public/amsfonts/cm/cmr12.pfb>
Output written on INFORME_LAB_II.pdf (14 pages, 2185994 bytes).
PDF statistics:
 70 PDF objects out of 1000 (max. 8388607)
 0 named destinations out of 1000 (max. 500000)
 41 words of extra memory for PDF output out of 10000 (max. 10000000)

